
2024-07-24 10:32:26,605 - root - INFO - Data received
2024-07-24 10:32:26,679 - root - INFO - Simulator created
2024-07-24 10:32:26,680 - apscheduler.scheduler - INFO - Adding job tentatively -- it will be properly scheduled when the scheduler starts
2024-07-24 10:32:26,680 - apscheduler.scheduler - INFO - Added job "publish_data" to job store "default"
2024-07-24 10:32:26,680 - apscheduler.scheduler - INFO - Scheduler started
2024-07-24 10:32:26,680 - root - INFO - Scheduler started
2024-07-24 10:32:27,681 - apscheduler.executors.default - INFO - Running job "publish_data (trigger: interval[0:00:01], next run at: 2024-07-24 10:32:27 CEST)" (scheduled at 2024-07-24 10:32:27.679942+02:00)
2024-07-24 10:32:27,694 - root - INFO - <Future at 0x1157612d0 state=pending>
2024-07-24 10:32:27,694 - apscheduler.executors.default - INFO - Job "publish_data (trigger: interval[0:00:01], next run at: 2024-07-24 10:32:28 CEST)" executed successfully
2024-07-24 10:32:28,680 - apscheduler.executors.default - INFO - Running job "publish_data (trigger: interval[0:00:01], next run at: 2024-07-24 10:32:29 CEST)" (scheduled at 2024-07-24 10:32:28.679942+02:00)
2024-07-24 10:32:28,683 - root - INFO - <Future at 0x117b93c10 state=pending>
2024-07-24 10:32:28,683 - apscheduler.executors.default - INFO - Job "publish_data (trigger: interval[0:00:01], next run at: 2024-07-24 10:32:29 CEST)" executed successfully
2024-07-24 10:32:29,686 - apscheduler.executors.default - INFO - Running job "publish_data (trigger: interval[0:00:01], next run at: 2024-07-24 10:32:30 CEST)" (scheduled at 2024-07-24 10:32:29.679942+02:00)
2024-07-24 10:32:29,689 - root - INFO - <Future at 0x117b90a10 state=pending>
2024-07-24 10:32:29,689 - apscheduler.executors.default - INFO - Job "publish_data (trigger: interval[0:00:01], next run at: 2024-07-24 10:32:30 CEST)" executed successfully
2024-07-24 10:32:30,684 - apscheduler.executors.default - INFO - Running job "publish_data (trigger: interval[0:00:01], next run at: 2024-07-24 10:32:31 CEST)" (scheduled at 2024-07-24 10:32:30.679942+02:00)
2024-07-24 10:32:30,685 - root - INFO - <Future at 0x117b915d0 state=pending>
2024-07-24 10:32:30,685 - apscheduler.executors.default - INFO - Job "publish_data (trigger: interval[0:00:01], next run at: 2024-07-24 10:32:31 CEST)" executed successfully
2024-07-24 10:32:31,685 - apscheduler.executors.default - INFO - Running job "publish_data (trigger: interval[0:00:01], next run at: 2024-07-24 10:32:32 CEST)" (scheduled at 2024-07-24 10:32:31.679942+02:00)
2024-07-24 10:32:31,691 - root - INFO - <Future at 0x117b915d0 state=pending>
2024-07-24 10:32:31,691 - apscheduler.executors.default - INFO - Job "publish_data (trigger: interval[0:00:01], next run at: 2024-07-24 10:32:32 CEST)" executed successfully
2024-07-24 10:32:32,424 - apscheduler.scheduler - INFO - Paused scheduler job processing
2024-07-24 10:32:32,424 - root - INFO - Scheduler paused
2024-07-24 10:32:32,424 - root - INFO - Docs recorded 5
2024-07-24 10:32:32,706 - watchfiles.main - INFO - 1 change detected
2024-07-24 10:32:33,551 - watchfiles.main - INFO - 1 change detected
2024-07-24 10:33:27,866 - watchfiles.main - INFO - 1 change detected
2024-07-24 10:33:28,412 - watchfiles.main - INFO - 1 change detected
2024-07-24 10:33:28,926 - watchfiles.main - INFO - 3 changes detected
2024-07-24 10:33:29,335 - watchfiles.main - INFO - 3 changes detected
2024-07-24 10:33:30,070 - watchfiles.main - INFO - 1 change detected
2024-07-24 10:33:31,089 - watchfiles.main - INFO - 1 change detected
2024-07-24 10:33:32,144 - watchfiles.main - INFO - 1 change detected
2024-07-24 10:33:33,163 - watchfiles.main - INFO - 1 change detected
2024-07-24 10:33:34,187 - watchfiles.main - INFO - 1 change detected
2024-07-24 10:33:35,188 - watchfiles.main - INFO - 1 change detected
2024-07-24 10:33:36,248 - watchfiles.main - INFO - 1 change detected
2024-07-24 10:33:37,250 - watchfiles.main - INFO - 1 change detected
2024-07-24 10:33:38,314 - watchfiles.main - INFO - 1 change detected
2024-07-24 10:33:39,313 - watchfiles.main - INFO - 1 change detected
2024-07-24 10:33:40,374 - watchfiles.main - INFO - 1 change detected
2024-07-24 10:33:41,378 - watchfiles.main - INFO - 1 change detected
2024-07-24 10:33:42,420 - watchfiles.main - INFO - 1 change detected
2024-07-24 10:33:43,479 - watchfiles.main - INFO - 1 change detected
2024-07-24 10:33:44,488 - watchfiles.main - INFO - 1 change detected
2024-07-24 10:33:45,496 - watchfiles.main - INFO - 1 change detected
2024-07-24 10:33:46,501 - watchfiles.main - INFO - 1 change detected
2024-07-24 10:33:47,518 - watchfiles.main - INFO - 1 change detected
2024-07-24 10:33:48,582 - watchfiles.main - INFO - 1 change detected
2024-07-24 10:33:49,615 - watchfiles.main - INFO - 1 change detected
2024-07-24 10:33:50,610 - watchfiles.main - INFO - 1 change detected
2024-07-24 10:33:51,676 - watchfiles.main - INFO - 1 change detected
2024-07-24 10:33:52,682 - watchfiles.main - INFO - 1 change detected
2024-07-24 10:33:53,692 - watchfiles.main - INFO - 1 change detected
2024-07-24 10:33:54,755 - watchfiles.main - INFO - 1 change detected
2024-07-24 10:33:55,758 - watchfiles.main - INFO - 1 change detected
2024-07-24 10:33:56,816 - watchfiles.main - INFO - 1 change detected
2024-07-24 10:33:57,828 - watchfiles.main - INFO - 1 change detected
2024-07-24 10:33:58,833 - watchfiles.main - INFO - 1 change detected
2024-07-24 10:33:59,845 - watchfiles.main - INFO - 1 change detected
2024-07-24 10:34:00,913 - watchfiles.main - INFO - 1 change detected
2024-07-24 10:34:01,907 - watchfiles.main - INFO - 1 change detected
2024-07-24 10:34:02,962 - watchfiles.main - INFO - 1 change detected
2024-07-24 10:34:03,966 - watchfiles.main - INFO - 1 change detected
2024-07-24 10:34:04,976 - watchfiles.main - INFO - 1 change detected
2024-07-24 10:34:06,042 - watchfiles.main - INFO - 1 change detected
2024-07-24 10:34:07,050 - watchfiles.main - INFO - 1 change detected
2024-07-24 10:34:08,106 - watchfiles.main - INFO - 1 change detected
2024-07-24 10:34:09,110 - watchfiles.main - INFO - 1 change detected
2024-07-24 10:34:10,171 - watchfiles.main - INFO - 1 change detected
2024-07-24 10:34:11,181 - watchfiles.main - INFO - 1 change detected
2024-07-24 10:34:12,226 - watchfiles.main - INFO - 1 change detected
2024-07-24 10:34:13,228 - watchfiles.main - INFO - 1 change detected
2024-07-24 10:34:14,296 - watchfiles.main - INFO - 1 change detected
2024-07-24 10:34:15,299 - watchfiles.main - INFO - 1 change detected
2024-07-24 10:34:16,349 - watchfiles.main - INFO - 1 change detected
2024-07-24 10:34:17,354 - watchfiles.main - INFO - 1 change detected
2024-07-24 10:34:18,413 - watchfiles.main - INFO - 1 change detected
2024-07-24 10:34:19,424 - watchfiles.main - INFO - 1 change detected
2024-07-24 10:34:20,433 - watchfiles.main - INFO - 1 change detected
2024-07-24 10:34:21,490 - watchfiles.main - INFO - 1 change detected
2024-07-24 10:34:22,540 - watchfiles.main - INFO - 1 change detected
2024-07-24 10:34:23,533 - watchfiles.main - INFO - 1 change detected
2024-07-24 10:34:24,604 - watchfiles.main - INFO - 1 change detected
2024-07-24 10:34:25,606 - watchfiles.main - INFO - 1 change detected
2024-07-24 10:34:26,622 - watchfiles.main - INFO - 1 change detected
2024-07-24 10:34:27,682 - watchfiles.main - INFO - 1 change detected
2024-07-24 10:34:28,743 - watchfiles.main - INFO - 1 change detected
2024-07-24 10:34:29,777 - watchfiles.main - INFO - 1 change detected
2024-07-24 10:34:30,779 - watchfiles.main - INFO - 1 change detected
2024-07-24 10:34:31,783 - watchfiles.main - INFO - 1 change detected
2024-07-24 10:34:32,838 - watchfiles.main - INFO - 1 change detected
2024-07-24 10:34:33,845 - watchfiles.main - INFO - 1 change detected
2024-07-24 10:34:34,856 - watchfiles.main - INFO - 1 change detected
2024-07-24 10:34:35,919 - watchfiles.main - INFO - 1 change detected
2024-07-24 10:34:36,933 - watchfiles.main - INFO - 1 change detected
2024-07-24 10:34:37,943 - watchfiles.main - INFO - 1 change detected
2024-07-24 10:34:38,963 - watchfiles.main - INFO - 1 change detected
2024-07-24 10:34:40,029 - watchfiles.main - INFO - 1 change detected
2024-07-24 10:34:41,049 - watchfiles.main - INFO - 1 change detected
2024-07-24 10:34:42,055 - watchfiles.main - INFO - 1 change detected
2024-07-24 10:34:43,115 - watchfiles.main - INFO - 1 change detected
2024-07-24 10:34:44,121 - watchfiles.main - INFO - 1 change detected
2024-07-24 10:34:45,172 - watchfiles.main - INFO - 1 change detected
2024-07-24 10:34:46,178 - watchfiles.main - INFO - 1 change detected
2024-07-24 10:34:47,195 - watchfiles.main - INFO - 1 change detected
2024-07-24 10:34:48,252 - watchfiles.main - INFO - 1 change detected
2024-07-24 10:34:49,263 - watchfiles.main - INFO - 1 change detected
2024-07-24 10:34:50,270 - watchfiles.main - INFO - 1 change detected
2024-07-24 10:34:51,339 - watchfiles.main - INFO - 1 change detected
2024-07-24 10:34:52,354 - watchfiles.main - INFO - 1 change detected
2024-07-24 10:34:53,364 - watchfiles.main - INFO - 1 change detected
2024-07-24 10:34:54,379 - watchfiles.main - INFO - 1 change detected
2024-07-24 10:34:55,443 - watchfiles.main - INFO - 1 change detected
2024-07-24 10:34:56,461 - watchfiles.main - INFO - 1 change detected
2024-07-24 10:34:57,472 - watchfiles.main - INFO - 1 change detected
2024-07-24 10:34:58,481 - watchfiles.main - INFO - 1 change detected
2024-07-24 10:34:59,500 - watchfiles.main - INFO - 1 change detected
2024-07-24 10:35:00,568 - watchfiles.main - INFO - 1 change detected
2024-07-24 10:35:01,573 - watchfiles.main - INFO - 1 change detected
2024-07-24 10:35:02,587 - watchfiles.main - INFO - 1 change detected
2024-07-24 10:35:03,651 - watchfiles.main - INFO - 1 change detected
2024-07-24 10:35:04,654 - watchfiles.main - INFO - 1 change detected
2024-07-24 10:35:05,660 - watchfiles.main - INFO - 1 change detected
2024-07-24 10:35:06,715 - watchfiles.main - INFO - 1 change detected
2024-07-24 10:35:07,720 - watchfiles.main - INFO - 1 change detected
2024-07-24 10:35:08,733 - watchfiles.main - INFO - 1 change detected
2024-07-24 10:35:09,787 - watchfiles.main - INFO - 1 change detected
2024-07-24 10:35:10,806 - watchfiles.main - INFO - 1 change detected
2024-07-24 10:35:11,811 - watchfiles.main - INFO - 1 change detected
2024-07-24 10:35:12,879 - watchfiles.main - INFO - 1 change detected
2024-07-24 10:35:15,106 - watchfiles.main - INFO - 1 change detected
2024-07-24 10:35:16,181 - watchfiles.main - INFO - 1 change detected
2024-07-24 10:35:17,206 - watchfiles.main - INFO - 1 change detected
2024-07-24 10:35:18,200 - watchfiles.main - INFO - 1 change detected
2024-07-24 10:35:19,217 - watchfiles.main - INFO - 1 change detected
2024-07-24 10:35:20,281 - watchfiles.main - INFO - 1 change detected
2024-07-24 10:35:21,287 - watchfiles.main - INFO - 1 change detected
2024-07-24 10:35:23,212 - watchfiles.main - INFO - 1 change detected
2024-07-24 10:35:24,281 - watchfiles.main - INFO - 1 change detected
2024-07-24 10:35:25,281 - watchfiles.main - INFO - 1 change detected
2024-07-24 10:35:26,344 - watchfiles.main - INFO - 1 change detected
2024-07-24 10:35:27,357 - watchfiles.main - INFO - 1 change detected
2024-07-24 10:35:28,369 - watchfiles.main - INFO - 1 change detected
2024-07-24 10:35:29,389 - watchfiles.main - INFO - 1 change detected
2024-07-24 10:35:30,403 - watchfiles.main - INFO - 1 change detected
2024-07-24 10:35:31,471 - watchfiles.main - INFO - 1 change detected
2024-07-24 10:35:32,480 - watchfiles.main - INFO - 1 change detected
2024-07-24 10:35:33,542 - watchfiles.main - INFO - 1 change detected
2024-07-24 10:35:34,556 - watchfiles.main - INFO - 1 change detected
2024-07-24 10:35:35,569 - watchfiles.main - INFO - 1 change detected
2024-07-24 10:35:36,583 - watchfiles.main - INFO - 1 change detected
2024-07-24 10:35:38,576 - watchfiles.main - INFO - 1 change detected
2024-07-24 10:35:39,585 - watchfiles.main - INFO - 1 change detected
2024-07-24 10:35:40,658 - watchfiles.main - INFO - 1 change detected
2024-07-24 10:35:41,679 - watchfiles.main - INFO - 1 change detected
2024-07-24 10:35:42,690 - watchfiles.main - INFO - 1 change detected
2024-07-24 10:35:43,753 - watchfiles.main - INFO - 1 change detected
2024-07-24 10:35:44,758 - watchfiles.main - INFO - 1 change detected
2024-07-24 10:35:45,820 - watchfiles.main - INFO - 1 change detected
2024-07-24 10:35:46,824 - watchfiles.main - INFO - 1 change detected
2024-07-24 10:35:47,832 - watchfiles.main - INFO - 1 change detected
2024-07-24 10:35:48,891 - watchfiles.main - INFO - 1 change detected
2024-07-24 10:35:49,893 - watchfiles.main - INFO - 1 change detected
2024-07-24 10:35:50,903 - watchfiles.main - INFO - 1 change detected
2024-07-24 10:35:51,925 - watchfiles.main - INFO - 1 change detected
2024-07-24 10:35:52,989 - watchfiles.main - INFO - 1 change detected
2024-07-24 10:35:54,006 - watchfiles.main - INFO - 1 change detected
2024-07-24 10:35:55,021 - watchfiles.main - INFO - 1 change detected
2024-07-24 10:35:56,039 - watchfiles.main - INFO - 1 change detected
2024-07-24 10:35:57,053 - watchfiles.main - INFO - 1 change detected
2024-07-24 10:35:58,126 - watchfiles.main - INFO - 1 change detected
2024-07-24 10:35:59,130 - watchfiles.main - INFO - 1 change detected
2024-07-24 10:36:00,143 - watchfiles.main - INFO - 1 change detected
2024-07-24 10:36:01,152 - watchfiles.main - INFO - 1 change detected
2024-07-24 10:36:02,172 - watchfiles.main - INFO - 1 change detected
2024-07-24 10:36:03,245 - watchfiles.main - INFO - 1 change detected
2024-07-24 10:36:04,244 - watchfiles.main - INFO - 1 change detected
2024-07-24 10:36:05,263 - watchfiles.main - INFO - 1 change detected
2024-07-24 10:36:06,271 - watchfiles.main - INFO - 1 change detected
2024-07-24 10:36:07,332 - watchfiles.main - INFO - 1 change detected
2024-07-24 10:36:08,346 - watchfiles.main - INFO - 1 change detected
2024-07-24 10:36:09,404 - watchfiles.main - INFO - 1 change detected
2024-07-24 10:36:10,402 - watchfiles.main - INFO - 1 change detected
2024-07-24 10:36:11,425 - watchfiles.main - INFO - 1 change detected
2024-07-24 10:36:12,487 - watchfiles.main - INFO - 1 change detected
2024-07-24 10:36:13,487 - watchfiles.main - INFO - 1 change detected
2024-07-24 10:36:14,493 - watchfiles.main - INFO - 1 change detected
2024-07-24 10:36:15,551 - watchfiles.main - INFO - 1 change detected
2024-07-24 10:36:16,582 - watchfiles.main - INFO - 1 change detected
2024-07-24 10:36:17,587 - watchfiles.main - INFO - 1 change detected
2024-07-24 10:36:18,601 - watchfiles.main - INFO - 1 change detected
2024-07-24 10:36:19,664 - watchfiles.main - INFO - 1 change detected
2024-07-24 10:36:20,670 - watchfiles.main - INFO - 1 change detected
2024-07-24 10:36:21,732 - watchfiles.main - INFO - 1 change detected
2024-07-24 10:36:22,733 - watchfiles.main - INFO - 1 change detected
2024-07-24 10:36:23,747 - watchfiles.main - INFO - 1 change detected
2024-07-24 10:36:24,806 - watchfiles.main - INFO - 1 change detected
2024-07-24 10:36:25,824 - watchfiles.main - INFO - 1 change detected
2024-07-24 10:36:26,837 - watchfiles.main - INFO - 1 change detected
2024-07-24 10:36:27,840 - watchfiles.main - INFO - 1 change detected
2024-07-24 10:36:28,984 - watchfiles.main - INFO - 1 change detected
2024-07-24 10:36:29,993 - watchfiles.main - INFO - 1 change detected
2024-07-24 10:36:31,056 - watchfiles.main - INFO - 1 change detected
2024-07-24 10:36:32,056 - watchfiles.main - INFO - 1 change detected
2024-07-24 10:36:33,063 - watchfiles.main - INFO - 1 change detected
2024-07-24 10:36:34,131 - watchfiles.main - INFO - 1 change detected
2024-07-24 10:36:35,132 - watchfiles.main - INFO - 1 change detected
2024-07-24 10:36:36,156 - watchfiles.main - INFO - 1 change detected
2024-07-24 10:36:37,215 - watchfiles.main - INFO - 1 change detected
2024-07-24 10:36:38,220 - watchfiles.main - INFO - 1 change detected
2024-07-24 10:36:39,286 - watchfiles.main - INFO - 1 change detected
2024-07-24 10:36:40,343 - watchfiles.main - INFO - 1 change detected
2024-07-24 10:36:41,351 - watchfiles.main - INFO - 1 change detected
2024-07-24 10:36:42,420 - watchfiles.main - INFO - 1 change detected
2024-07-24 10:36:43,425 - watchfiles.main - INFO - 1 change detected
2024-07-24 10:36:44,426 - watchfiles.main - INFO - 1 change detected
2024-07-24 10:36:45,483 - watchfiles.main - INFO - 1 change detected
2024-07-24 10:36:46,535 - watchfiles.main - INFO - 1 change detected
2024-07-24 10:36:47,544 - watchfiles.main - INFO - 1 change detected
2024-07-24 10:36:48,556 - watchfiles.main - INFO - 1 change detected
2024-07-24 10:36:49,620 - watchfiles.main - INFO - 1 change detected
2024-07-24 10:36:50,626 - watchfiles.main - INFO - 1 change detected
2024-07-24 10:36:51,689 - watchfiles.main - INFO - 1 change detected
2024-07-24 10:36:52,684 - watchfiles.main - INFO - 1 change detected
2024-07-24 10:36:53,732 - watchfiles.main - INFO - 1 change detected
2024-07-24 10:36:54,745 - watchfiles.main - INFO - 1 change detected
2024-07-24 10:36:55,808 - watchfiles.main - INFO - 1 change detected
2024-07-24 10:36:56,825 - watchfiles.main - INFO - 1 change detected
2024-07-24 10:36:57,840 - watchfiles.main - INFO - 1 change detected
2024-07-24 10:36:58,846 - watchfiles.main - INFO - 1 change detected
2024-07-24 10:36:59,912 - watchfiles.main - INFO - 1 change detected
2024-07-24 10:37:00,920 - watchfiles.main - INFO - 1 change detected
2024-07-24 10:37:01,924 - watchfiles.main - INFO - 1 change detected
2024-07-24 10:37:02,937 - watchfiles.main - INFO - 1 change detected
2024-07-24 10:37:04,003 - watchfiles.main - INFO - 1 change detected
2024-07-24 10:37:05,077 - watchfiles.main - INFO - 1 change detected
2024-07-24 10:37:07,433 - watchfiles.main - INFO - 1 change detected
2024-07-24 10:37:08,440 - watchfiles.main - INFO - 1 change detected
2024-07-24 10:37:09,450 - watchfiles.main - INFO - 1 change detected
2024-07-24 10:37:10,454 - watchfiles.main - INFO - 1 change detected
2024-07-24 10:37:11,515 - watchfiles.main - INFO - 1 change detected
2024-07-24 10:37:12,523 - watchfiles.main - INFO - 1 change detected
2024-07-24 10:37:13,533 - watchfiles.main - INFO - 1 change detected
2024-07-24 10:37:14,603 - watchfiles.main - INFO - 1 change detected
2024-07-24 10:37:15,598 - watchfiles.main - INFO - 1 change detected
2024-07-24 10:37:16,605 - watchfiles.main - INFO - 1 change detected
2024-07-24 10:37:17,627 - watchfiles.main - INFO - 1 change detected
2024-07-24 10:37:18,691 - watchfiles.main - INFO - 1 change detected
2024-07-24 10:37:19,776 - watchfiles.main - INFO - 1 change detected
2024-07-24 10:37:20,787 - watchfiles.main - INFO - 1 change detected
2024-07-24 10:37:21,847 - watchfiles.main - INFO - 1 change detected
2024-07-24 10:37:22,862 - watchfiles.main - INFO - 1 change detected
2024-07-24 10:37:23,870 - watchfiles.main - INFO - 1 change detected
2024-07-24 10:37:24,894 - watchfiles.main - INFO - 1 change detected
2024-07-24 10:37:25,912 - watchfiles.main - INFO - 1 change detected
2024-07-24 10:37:26,966 - watchfiles.main - INFO - 1 change detected
2024-07-24 10:37:27,975 - watchfiles.main - INFO - 1 change detected
2024-07-24 10:37:29,099 - watchfiles.main - INFO - 1 change detected
2024-07-24 10:37:30,116 - watchfiles.main - INFO - 1 change detected
2024-07-24 10:37:31,135 - watchfiles.main - INFO - 1 change detected
2024-07-24 10:37:32,145 - watchfiles.main - INFO - 1 change detected
2024-07-24 10:37:33,224 - watchfiles.main - INFO - 1 change detected
2024-07-24 10:37:34,234 - watchfiles.main - INFO - 1 change detected
2024-07-24 10:37:35,288 - watchfiles.main - INFO - 1 change detected
2024-07-24 10:37:36,300 - watchfiles.main - INFO - 1 change detected
2024-07-24 10:37:37,305 - watchfiles.main - INFO - 1 change detected
2024-07-24 10:37:38,415 - watchfiles.main - INFO - 1 change detected
2024-07-24 10:37:39,478 - watchfiles.main - INFO - 1 change detected
2024-07-24 10:37:40,482 - watchfiles.main - INFO - 1 change detected
2024-07-24 10:37:41,530 - watchfiles.main - INFO - 1 change detected
2024-07-24 10:37:42,551 - watchfiles.main - INFO - 1 change detected
2024-07-24 10:37:43,562 - watchfiles.main - INFO - 1 change detected
2024-07-24 10:37:44,580 - watchfiles.main - INFO - 1 change detected
2024-07-24 10:37:45,650 - watchfiles.main - INFO - 1 change detected
2024-07-24 10:37:46,658 - watchfiles.main - INFO - 1 change detected
2024-07-24 10:37:47,725 - watchfiles.main - INFO - 1 change detected
2024-07-24 10:37:48,740 - watchfiles.main - INFO - 1 change detected
2024-07-24 10:37:49,744 - watchfiles.main - INFO - 1 change detected
2024-07-24 10:37:50,798 - watchfiles.main - INFO - 1 change detected
2024-07-24 10:37:51,811 - watchfiles.main - INFO - 1 change detected
2024-07-24 10:37:52,822 - watchfiles.main - INFO - 1 change detected
2024-07-24 10:37:53,831 - watchfiles.main - INFO - 1 change detected
2024-07-24 10:37:54,895 - watchfiles.main - INFO - 1 change detected
2024-07-24 10:37:55,895 - watchfiles.main - INFO - 1 change detected
2024-07-24 10:37:56,901 - watchfiles.main - INFO - 1 change detected
2024-07-24 10:37:57,968 - watchfiles.main - INFO - 1 change detected
2024-07-24 10:37:58,976 - watchfiles.main - INFO - 1 change detected
2024-07-24 10:37:59,981 - watchfiles.main - INFO - 1 change detected
2024-07-24 10:38:01,053 - watchfiles.main - INFO - 1 change detected
2024-07-24 10:38:02,070 - watchfiles.main - INFO - 1 change detected
2024-07-24 10:38:03,133 - watchfiles.main - INFO - 1 change detected
2024-07-24 10:38:04,149 - watchfiles.main - INFO - 1 change detected
2024-07-24 10:38:05,208 - watchfiles.main - INFO - 1 change detected
2024-07-24 10:38:06,225 - watchfiles.main - INFO - 1 change detected
2024-07-24 10:38:07,362 - watchfiles.main - INFO - 1 change detected
2024-07-24 10:38:08,374 - watchfiles.main - INFO - 1 change detected
2024-07-24 10:38:09,376 - watchfiles.main - INFO - 1 change detected
2024-07-24 10:38:10,390 - watchfiles.main - INFO - 1 change detected
2024-07-24 10:38:11,414 - watchfiles.main - INFO - 1 change detected
2024-07-24 10:38:12,481 - watchfiles.main - INFO - 1 change detected
2024-07-24 10:38:13,497 - watchfiles.main - INFO - 1 change detected
2024-07-24 10:38:14,503 - watchfiles.main - INFO - 1 change detected
2024-07-24 10:38:15,512 - watchfiles.main - INFO - 1 change detected
2024-07-24 10:38:16,529 - watchfiles.main - INFO - 1 change detected
2024-07-24 10:38:17,584 - watchfiles.main - INFO - 1 change detected
2024-07-24 10:38:18,598 - watchfiles.main - INFO - 1 change detected
2024-07-24 10:38:19,613 - watchfiles.main - INFO - 1 change detected
2024-07-24 10:38:20,685 - watchfiles.main - INFO - 1 change detected
2024-07-24 10:38:21,708 - watchfiles.main - INFO - 1 change detected
2024-07-24 10:38:22,715 - watchfiles.main - INFO - 1 change detected
2024-07-24 10:38:23,736 - watchfiles.main - INFO - 1 change detected
2024-07-24 10:38:24,754 - watchfiles.main - INFO - 1 change detected
2024-07-24 10:38:25,784 - watchfiles.main - INFO - 1 change detected
2024-07-24 10:38:26,794 - watchfiles.main - INFO - 1 change detected
2024-07-24 10:38:27,797 - watchfiles.main - INFO - 1 change detected
2024-07-24 10:38:28,973 - watchfiles.main - INFO - 1 change detected
2024-07-24 10:38:29,978 - watchfiles.main - INFO - 1 change detected
2024-07-24 10:38:30,994 - watchfiles.main - INFO - 1 change detected
2024-07-24 10:38:32,059 - watchfiles.main - INFO - 1 change detected
2024-07-24 10:38:33,080 - watchfiles.main - INFO - 1 change detected
2024-07-24 10:38:35,326 - watchfiles.main - INFO - 1 change detected
2024-07-24 10:38:36,395 - watchfiles.main - INFO - 1 change detected
2024-07-24 10:38:37,418 - watchfiles.main - INFO - 1 change detected
2024-07-24 10:38:38,426 - watchfiles.main - INFO - 1 change detected
2024-07-24 10:38:39,433 - watchfiles.main - INFO - 1 change detected
2024-07-24 10:38:40,458 - watchfiles.main - INFO - 1 change detected
2024-07-24 10:38:41,467 - watchfiles.main - INFO - 1 change detected
2024-07-24 10:38:42,487 - watchfiles.main - INFO - 1 change detected
2024-07-24 10:38:43,545 - watchfiles.main - INFO - 1 change detected
2024-07-24 10:38:44,580 - watchfiles.main - INFO - 1 change detected
2024-07-24 10:38:45,573 - watchfiles.main - INFO - 1 change detected
2024-07-24 10:38:46,629 - watchfiles.main - INFO - 1 change detected
2024-07-24 10:38:47,637 - watchfiles.main - INFO - 1 change detected
2024-07-24 10:38:49,612 - watchfiles.main - INFO - 1 change detected
2024-07-24 10:38:50,621 - watchfiles.main - INFO - 1 change detected
2024-07-24 10:38:51,638 - watchfiles.main - INFO - 1 change detected
2024-07-24 10:38:52,700 - watchfiles.main - INFO - 1 change detected
2024-07-24 10:38:53,711 - watchfiles.main - INFO - 1 change detected
2024-07-24 10:38:54,722 - watchfiles.main - INFO - 1 change detected
2024-07-24 10:38:55,778 - watchfiles.main - INFO - 1 change detected
2024-07-24 10:38:56,796 - watchfiles.main - INFO - 1 change detected
2024-07-24 10:38:57,859 - watchfiles.main - INFO - 1 change detected
2024-07-24 10:38:58,869 - watchfiles.main - INFO - 1 change detected
2024-07-24 10:38:59,926 - watchfiles.main - INFO - 1 change detected
2024-07-24 10:39:00,945 - watchfiles.main - INFO - 1 change detected
2024-07-24 10:39:01,960 - watchfiles.main - INFO - 1 change detected
2024-07-24 10:39:02,963 - watchfiles.main - INFO - 1 change detected
2024-07-24 10:39:04,033 - watchfiles.main - INFO - 1 change detected
2024-07-24 10:39:05,028 - watchfiles.main - INFO - 1 change detected
2024-07-24 10:39:06,083 - watchfiles.main - INFO - 1 change detected
2024-07-24 10:39:07,089 - watchfiles.main - INFO - 1 change detected
2024-07-24 10:39:08,160 - watchfiles.main - INFO - 1 change detected
2024-07-24 10:39:09,178 - watchfiles.main - INFO - 1 change detected
2024-07-24 10:39:10,188 - watchfiles.main - INFO - 1 change detected
2024-07-24 10:39:11,198 - watchfiles.main - INFO - 1 change detected
2024-07-24 10:39:12,258 - watchfiles.main - INFO - 1 change detected
2024-07-24 10:39:13,259 - watchfiles.main - INFO - 1 change detected
2024-07-24 10:39:14,328 - watchfiles.main - INFO - 1 change detected
2024-07-24 10:39:15,334 - watchfiles.main - INFO - 1 change detected
2024-07-24 10:39:16,335 - watchfiles.main - INFO - 1 change detected
2024-07-24 10:39:17,406 - watchfiles.main - INFO - 1 change detected
2024-07-24 10:39:18,418 - watchfiles.main - INFO - 1 change detected
2024-07-24 10:39:19,474 - watchfiles.main - INFO - 1 change detected
2024-07-24 10:39:20,490 - watchfiles.main - INFO - 1 change detected
2024-07-24 10:39:21,505 - watchfiles.main - INFO - 1 change detected
2024-07-24 10:39:22,562 - watchfiles.main - INFO - 1 change detected
2024-07-24 10:39:23,574 - watchfiles.main - INFO - 1 change detected
